<?xml version="1.0" encoding="UTF-8"?>
<testng-results ignored="0" total="2" passed="2" failed="0" skipped="0">
  <reporter-output>
  </reporter-output>
  <suite started-at="2024-05-05T15:24:46 IST" name="Suite" finished-at="2024-05-05T15:25:31 IST" duration-ms="44696">
    <groups>
      <group name="Purchase">
        <method signature="StandaloneTest.submitorder(java.util.HashMap)[pri:0, instance:FrameworkSeleniumFrameworkDesign.tests.StandaloneTest@d737b89]" name="submitorder" class="FrameworkSeleniumFrameworkDesign.tests.StandaloneTest"/>
      </group> <!-- Purchase -->
    </groups>
    <test started-at="2024-05-05T15:24:46 IST" name="Errorvalidation" finished-at="2024-05-05T15:24:46 IST" duration-ms="60">
    </test> <!-- Errorvalidation -->
    <test started-at="2024-05-05T15:24:46 IST" name="Test" finished-at="2024-05-05T15:25:31 IST" duration-ms="44696">
      <class name="FrameworkSeleniumFrameworkDesign.tests.StandaloneTest">
        <test-method is-config="true" signature="launchingpage()[pri:0, instance:FrameworkSeleniumFrameworkDesign.tests.StandaloneTest@d737b89]" started-at="2024-05-05T15:24:48 IST" name="launchingpage" finished-at="2024-05-05T15:25:03 IST" duration-ms="15134" status="PASS">
          <reporter-output>
          </reporter-output>
        </test-method> <!-- launchingpage -->
        <test-method signature="submitorder(java.util.HashMap)[pri:0, instance:FrameworkSeleniumFrameworkDesign.tests.StandaloneTest@d737b89]" started-at="2024-05-05T15:25:03 IST" name="submitorder" data-provider="getdata" finished-at="2024-05-05T15:25:14 IST" duration-ms="10844" status="PASS">
          <params>
            <param index="0">
              <value>
                <![CDATA[{itemname=ADIDAS ORIGINAL, password=Mars@123, email=marse@gmail.com}]]>
              </value>
            </param>
          </params>
          <reporter-output>
          </reporter-output>
        </test-method> <!-- submitorder -->
        <test-method is-config="true" signature="teardown()[pri:0, instance:FrameworkSeleniumFrameworkDesign.tests.StandaloneTest@d737b89]" started-at="2024-05-05T15:25:14 IST" name="teardown" finished-at="2024-05-05T15:25:15 IST" duration-ms="1083" status="PASS">
          <reporter-output>
          </reporter-output>
        </test-method> <!-- teardown -->
        <test-method is-config="true" signature="launchingpage()[pri:0, instance:FrameworkSeleniumFrameworkDesign.tests.StandaloneTest@d737b89]" started-at="2024-05-05T15:25:15 IST" name="launchingpage" finished-at="2024-05-05T15:25:20 IST" duration-ms="4944" status="PASS">
          <reporter-output>
          </reporter-output>
        </test-method> <!-- launchingpage -->
        <test-method signature="submitorder(java.util.HashMap)[pri:0, instance:FrameworkSeleniumFrameworkDesign.tests.StandaloneTest@d737b89]" started-at="2024-05-05T15:25:20 IST" name="submitorder" data-provider="getdata" finished-at="2024-05-05T15:25:31 IST" duration-ms="10998" status="PASS">
          <params>
            <param index="0">
              <value>
                <![CDATA[{itemname=IPHONE 13 PRO, password=Mars@123, email=marse@gmail.com}]]>
              </value>
            </param>
          </params>
          <reporter-output>
          </reporter-output>
        </test-method> <!-- submitorder -->
        <test-method is-config="true" signature="teardown()[pri:0, instance:FrameworkSeleniumFrameworkDesign.tests.StandaloneTest@d737b89]" started-at="2024-05-05T15:25:31 IST" name="teardown" finished-at="2024-05-05T15:25:31 IST" duration-ms="211" status="PASS">
          <reporter-output>
          </reporter-output>
        </test-method> <!-- teardown -->
      </class> <!-- FrameworkSeleniumFrameworkDesign.tests.StandaloneTest -->
    </test> <!-- Test -->
  </suite> <!-- Suite -->
</testng-results>
