<?xml version="1.0" encoding="UTF-8"?>
<!-- Generated by org.testng.reporters.JUnitXMLReporter -->
<testsuite ignored="0" hostname="Dineshma-Lt" failures="1" tests="3" name="Errorvalidation" time="37.11" errors="0" timestamp="2024-05-28T00:28:37 IST">
  <testcase classname="FrameworkSeleniumFrameworkDesign.tests.ErrorValidation" name="loginerrorvalidation" time="6.364">
    <skipped/>
  </testcase> <!-- loginerrorvalidation -->
  <testcase classname="FrameworkSeleniumFrameworkDesign.tests.ErrorValidation" name="loginerrorvalidation" time="0.995">
    <failure type="junit.framework.ComparisonFailure" message="expected:&amp;lt;Incorrect email[s] or password.&amp;gt; but was:&amp;lt;Incorrect email[] or password.&amp;gt;">
      <![CDATA[junit.framework.ComparisonFailure: expected:<Incorrect email[s] or password.> but was:<Incorrect email[] or password.>
at junit.framework.Assert.assertEquals(Assert.java:100)
at junit.framework.Assert.assertEquals(Assert.java:107)
at FrameworkSeleniumFrameworkDesign.tests.ErrorValidation.loginerrorvalidation(ErrorValidation.java:24)
at java.base/java.util.ArrayList.forEach(ArrayList.java:1511)
at java.base/java.util.concurrent.FutureTask.run(FutureTask.java:317)
at java.base/java.util.concurrent.ThreadPoolExecutor.runWorker(ThreadPoolExecutor.java:1144)
at java.base/java.util.concurrent.ThreadPoolExecutor$Worker.run(ThreadPoolExecutor.java:642)
at java.base/java.lang.Thread.run(Thread.java:1623)
... Removed 15 stack frames]]>
    </failure>
  </testcase> <!-- loginerrorvalidation -->
  <testcase classname="FrameworkSeleniumFrameworkDesign.tests.ErrorValidation" name="producterrorvalidation" time="3.125"/>
</testsuite> <!-- Errorvalidation -->
