<?xml version="1.0" encoding="UTF-8"?>
<!-- Generated by org.testng.reporters.JUnitXMLReporter -->
<testsuite ignored="2" hostname="Dineshma-Lt" failures="0" tests="0" time="0.06" errors="0" timestamp="2024-05-05T15:24:46 IST">
  <testcase classname="FrameworkSeleniumFrameworkDesign.tests.ErrorValidation" name="loginerrorvalidation" time="0.0">
    <ignored/>
  </testcase> <!-- loginerrorvalidation -->
  <testcase classname="FrameworkSeleniumFrameworkDesign.tests.ErrorValidation" name="producterrorvalidation" time="0.0">
    <ignored/>
  </testcase> <!-- producterrorvalidation -->
</testsuite>
