<?xml version="1.0" encoding="UTF-8"?>
<!-- Generated by org.testng.reporters.JUnitXMLReporter -->
<testsuite ignored="1" hostname="Dineshma-Lt" failures="0" tests="2" name="Test" time="44.696" errors="0" timestamp="2024-05-05T15:25:31 IST">
  <testcase classname="FrameworkSeleniumFrameworkDesign.tests.StandaloneTest" name="submitorder" time="10.844"/>
  <testcase classname="FrameworkSeleniumFrameworkDesign.tests.StandaloneTest" name="submitorder" time="10.998"/>
  <testcase classname="FrameworkSeleniumFrameworkDesign.tests.StandaloneTest" name="orderitems" time="0.0">
    <ignored/>
  </testcase> <!-- orderitems -->
</testsuite> <!-- Test -->
