<?xml version="1.0" encoding="UTF-8"?>
<!-- Generated by org.testng.reporters.JUnitXMLReporter -->
<testsuite ignored="0" hostname="Dineshma-Lt" failures="0" tests="3" name="Test" time="47.41" errors="0" timestamp="2024-05-28T00:28:46 IST">
  <testcase classname="FrameworkSeleniumFrameworkDesign.tests.StandaloneTest" name="submitorder" time="15.9"/>
  <testcase classname="FrameworkSeleniumFrameworkDesign.tests.StandaloneTest" name="submitorder" time="9.366"/>
  <testcase classname="FrameworkSeleniumFrameworkDesign.tests.StandaloneTest" name="orderitems" time="0.788"/>
</testsuite> <!-- Test -->
