<?xml version="1.0" encoding="UTF-8"?>
<!-- Generated by org.testng.reporters.JUnitXMLReporter -->
<testsuite ignored="0" hostname="Dineshma-Lt" failures="0" tests="2" name="Default test" time="15.468" errors="0" timestamp="2024-04-16T00:22:18 IST">
  <testcase classname="FrameworkSeleniumFrameworkDesign.tests.StandaloneTest" name="submitorder" time="8.201"/>
  <testcase classname="FrameworkSeleniumFrameworkDesign.tests.StandaloneTest" name="orderitems" time="0.576"/>
</testsuite> <!-- Default test -->
